TN:
SF:src/GorgiasClient.ts
FN:22,(anonymous_1)
FN:46,(anonymous_2)
FN:47,(anonymous_3)
FN:64,(anonymous_4)
FNF:4
FNH:1
FNDA:5,(anonymous_1)
FNDA:0,(anonymous_2)
FNDA:0,(anonymous_3)
FNDA:0,(anonymous_4)
DA:1,1
DA:3,1
DA:5,1
DA:28,5
DA:30,5
DA:45,5
DA:46,0
DA:48,0
DA:53,5
DA:54,5
DA:55,5
DA:56,5
DA:57,5
DA:58,5
DA:65,0
DA:66,0
DA:71,1
DA:72,1
DA:73,1
DA:74,1
DA:75,1
DA:76,1
LF:22
LH:18
BRDA:26,0,0,4
BRDA:40,1,0,5
BRDA:40,1,1,4
BRF:3
BRH:3
end_of_record
TN:
SF:src/errors.ts
FN:8,(anonymous_0)
FN:16,isAxiosError
FN:20,handleAxiosError
FNF:3
FNH:0
FNDA:0,(anonymous_0)
FNDA:0,isAxiosError
FNDA:0,handleAxiosError
DA:4,1
DA:9,0
DA:10,0
DA:11,0
DA:12,0
DA:16,1
DA:17,0
DA:20,1
DA:21,0
DA:22,0
DA:23,0
DA:25,0
LF:12
LH:3
BRDA:21,0,0,0
BRDA:21,0,1,0
BRDA:22,1,0,0
BRDA:22,1,1,0
BRDA:22,1,2,0
BRF:5
BRH:0
end_of_record
TN:
SF:src/__tests__/utils/testHelpers.ts
FN:21,(anonymous_1)
FN:22,(anonymous_2)
FNF:2
FNH:0
FNDA:0,(anonymous_1)
FNDA:0,(anonymous_2)
DA:1,0
DA:2,0
DA:4,0
DA:5,0
DA:8,0
DA:21,0
DA:22,0
DA:23,0
LF:8
LH:0
BRF:0
BRH:0
end_of_record
TN:
SF:src/resources/Customers.ts
FN:11,(anonymous_0)
FN:18,(anonymous_1)
FN:28,(anonymous_2)
FN:38,(anonymous_3)
FN:49,(anonymous_4)
FN:58,(anonymous_5)
FN:66,(anonymous_6)
FNF:7
FNH:1
FNDA:5,(anonymous_0)
FNDA:0,(anonymous_1)
FNDA:0,(anonymous_2)
FNDA:0,(anonymous_3)
FNDA:0,(anonymous_4)
FNDA:0,(anonymous_5)
FNDA:0,(anonymous_6)
DA:10,1
DA:11,5
DA:19,0
DA:20,0
DA:29,0
DA:30,0
DA:39,0
DA:40,0
DA:50,0
DA:51,0
DA:59,0
DA:67,0
LF:12
LH:2
BRDA:18,0,0,0
BRF:1
BRH:0
end_of_record
TN:
SF:src/resources/Events.ts
FN:5,(anonymous_0)
FN:12,(anonymous_1)
FN:27,(anonymous_2)
FNF:3
FNH:1
FNDA:5,(anonymous_0)
FNDA:0,(anonymous_1)
FNDA:0,(anonymous_2)
DA:4,1
DA:5,5
DA:18,0
DA:19,0
DA:28,0
DA:29,0
LF:6
LH:2
BRDA:12,0,0,0
BRF:1
BRH:0
end_of_record
TN:
SF:src/resources/Integrations.ts
FN:5,(anonymous_0)
FN:12,(anonymous_1)
FN:22,(anonymous_2)
FNF:3
FNH:1
FNDA:5,(anonymous_0)
FNDA:0,(anonymous_1)
FNDA:0,(anonymous_2)
DA:4,1
DA:5,5
DA:13,0
DA:14,0
DA:23,0
DA:24,0
LF:6
LH:2
BRDA:12,0,0,0
BRF:1
BRH:0
end_of_record
TN:
SF:src/resources/Messages.ts
FN:11,(anonymous_0)
FN:19,(anonymous_1)
FN:29,(anonymous_2)
FN:39,(anonymous_3)
FN:50,(anonymous_4)
FN:61,(anonymous_5)
FN:70,(anonymous_6)
FNF:7
FNH:1
FNDA:5,(anonymous_0)
FNDA:0,(anonymous_1)
FNDA:0,(anonymous_2)
FNDA:0,(anonymous_3)
FNDA:0,(anonymous_4)
FNDA:0,(anonymous_5)
FNDA:0,(anonymous_6)
DA:10,1
DA:11,5
DA:20,0
DA:21,0
DA:30,0
DA:31,0
DA:40,0
DA:41,0
DA:51,0
DA:52,0
DA:62,0
DA:63,0
DA:71,0
LF:13
LH:2
BRDA:19,0,0,0
BRDA:29,1,0,0
BRF:2
BRH:0
end_of_record
TN:
SF:src/resources/Tickets.ts
FN:11,(anonymous_0)
FN:18,(anonymous_1)
FN:33,(anonymous_2)
FN:43,(anonymous_3)
FN:54,(anonymous_4)
FN:63,(anonymous_5)
FN:72,(anonymous_6)
FN:81,(anonymous_7)
FN:90,(anonymous_8)
FN:99,(anonymous_9)
FNF:10
FNH:1
FNDA:5,(anonymous_0)
FNDA:0,(anonymous_1)
FNDA:0,(anonymous_2)
FNDA:0,(anonymous_3)
FNDA:0,(anonymous_4)
FNDA:0,(anonymous_5)
FNDA:0,(anonymous_6)
FNDA:0,(anonymous_7)
FNDA:0,(anonymous_8)
FNDA:0,(anonymous_9)
DA:10,1
DA:11,5
DA:24,0
DA:25,0
DA:34,0
DA:35,0
DA:44,0
DA:45,0
DA:55,0
DA:56,0
DA:64,0
DA:73,0
DA:82,0
DA:91,0
DA:100,0
DA:101,0
LF:16
LH:2
BRDA:18,0,0,0
BRF:1
BRH:0
end_of_record
TN:
SF:src/resources/Users.ts
FN:11,(anonymous_0)
FN:18,(anonymous_1)
FN:28,(anonymous_2)
FN:38,(anonymous_3)
FN:49,(anonymous_4)
FN:58,(anonymous_5)
FNF:6
FNH:1
FNDA:5,(anonymous_0)
FNDA:0,(anonymous_1)
FNDA:0,(anonymous_2)
FNDA:0,(anonymous_3)
FNDA:0,(anonymous_4)
FNDA:0,(anonymous_5)
DA:10,1
DA:11,5
DA:19,0
DA:20,0
DA:29,0
DA:30,0
DA:39,0
DA:40,0
DA:50,0
DA:51,0
DA:59,0
LF:11
LH:2
BRDA:18,0,0,0
BRF:1
BRH:0
end_of_record
